Using pre-set license
Built from '2020.2/release' branch; Version is '2020.2.4f1 (becced5a802b) revision 12504301'; Using compiler version '192528614'; Build Type 'Release'
OS: 'Windows 10 Home; OS build 22631.3447; Version 2009; 64bit' Language: 'es' Physical Memory: 8101 MB
BatchMode: 1, IsHumanControllingUs: 0, StartBugReporterOnCrash: 0, Is64bit: 1, IsPro: 0

 COMMAND LINE ARGUMENTS:
C:\Program Files\Unity2020\Editor\Unity.exe
-adb2
-batchMode
-noUpm
-name
AssetImportWorker0
-projectPath
C:/Users/oriol/Desktop/UNI/4t/Sistemes Interactius/IntSysP1/RollBall
-logFile
Logs/AssetImportWorker0.log
-srvPort
63867
Successfully changed project path to: C:/Users/oriol/Desktop/UNI/4t/Sistemes Interactius/IntSysP1/RollBall
C:/Users/oriol/Desktop/UNI/4t/Sistemes Interactius/IntSysP1/RollBall
Using Asset Import Pipeline V2.
Refreshing native plugins compatible for Editor in 141.20 ms, found 0 plugins.
Preloading 0 native plugins for Editor in 0.00 ms.
Initialize engine version: 2020.2.4f1 (becced5a802b)
[Subsystems] Discovering subsystems at path C:/Program Files/Unity2020/Editor/Data/Resources/UnitySubsystems
[Subsystems] Discovering subsystems at path C:/Users/oriol/Desktop/UNI/4t/Sistemes Interactius/IntSysP1/RollBall/Assets
GfxDevice: creating device client; threaded=0
Direct3D:
    Version:  Direct3D 11.0 [level 11.1]
    Renderer: Intel(R) UHD Graphics 620 (ID=0x5917)
    Vendor:   
    VRAM:     4050 MB
    Driver:   27.20.100.8729
Shader 'Universal Render Pipeline/Particles/Lit': fallback shader 'Universal Render Pipeline/Particles/SimpleLit' not found
Initialize mono
Mono path[0] = 'C:/Program Files/Unity2020/Editor/Data/Managed'
Mono path[1] = 'C:/Program Files/Unity2020/Editor/Data/MonoBleedingEdge/lib/mono/unityjit'
Mono config path = 'C:/Program Files/Unity2020/Editor/Data/MonoBleedingEdge/etc'
Using monoOptions --debugger-agent=transport=dt_socket,embedding=1,server=y,suspend=n,address=127.0.0.1:56416
Begin MonoManager ReloadAssembly
Registering precompiled unity dll's ...
Register platform support module: C:/Program Files/Unity2020/Editor/Data/PlaybackEngines/WindowsStandaloneSupport/UnityEditor.WindowsStandalone.Extensions.dll
Registered in 0.006203 seconds.
Native extension for WindowsStandalone target not found
Refreshing native plugins compatible for Editor in 105.69 ms, found 0 plugins.
Preloading 0 native plugins for Editor in 0.00 ms.
Invoked RoslynAnalysisRunner static constructor.
RoslynAnalysisRunner will not be running.
RoslynAnalysisRunner has terminated.
Mono: successfully reloaded assembly
- Completed reload, in  3.026 seconds
Platform modules already initialized, skipping
Registering precompiled user dll's ...
Registered in 0.003319 seconds.
Begin MonoManager ReloadAssembly
Native extension for WindowsStandalone target not found
Refreshing native plugins compatible for Editor in 82.08 ms, found 0 plugins.
Preloading 0 native plugins for Editor in 0.00 ms.
Invoked RoslynAnalysisRunner static constructor.
RoslynAnalysisRunner will not be running.
RoslynAnalysisRunner has terminated.
Mono: successfully reloaded assembly
- Completed reload, in  1.730 seconds
Platform modules already initialized, skipping
========================================================================
Worker process is ready to serve import requests
Shader 'Universal Render Pipeline/Particles/Lit': fallback shader 'Universal Render Pipeline/Particles/SimpleLit' not found
Launched and connected shader compiler UnityShaderCompiler.exe after 0.07 seconds
Refreshing native plugins compatible for Editor in 1.02 ms, found 0 plugins.
Preloading 0 native plugins for Editor in 0.00 ms.
Unloading 2703 Unused Serialized files (Serialized files now loaded: 0)
System memory in use before: 122.6 MB.
System memory in use after: 122.8 MB.

Unloading 12 unused Assets to reduce memory usage. Loaded Objects now: 3147.
Total: 8.223100 ms (FindLiveObjects: 0.724100 ms CreateObjectMapping: 0.416200 ms MarkObjects: 6.927200 ms  DeleteObjects: 0.152500 ms)

========================================================================
Received Import Request.
  path: Assets/Materials/Player.mat
  artifactKey: Guid(3ec8d895c11c7014ea1223e5ce54226a) Importer(815301076,1909f56bfc062723c751e8b465ee728b)
Start importing Assets/Materials/Player.mat using Guid(3ec8d895c11c7014ea1223e5ce54226a) Importer(815301076,1909f56bfc062723c751e8b465ee728b)  -> (artifact id: 'f97e1c54a0e502f3286f5ff3b90a13b3') in 0.791908 seconds
  Import took 0.802972 seconds .

========================================================================
Received Prepare
Registering precompiled user dll's ...
Registered in 0.001798 seconds.
Begin MonoManager ReloadAssembly
Native extension for WindowsStandalone target not found
Refreshing native plugins compatible for Editor in 0.63 ms, found 0 plugins.
Preloading 0 native plugins for Editor in 0.00 ms.
Invoked RoslynAnalysisRunner static constructor.
RoslynAnalysisRunner will not be running.
RoslynAnalysisRunner has terminated.
Mono: successfully reloaded assembly
- Completed reload, in  1.612 seconds
Platform modules already initialized, skipping
Shader 'Universal Render Pipeline/Particles/Lit': fallback shader 'Universal Render Pipeline/Particles/SimpleLit' not found
Refreshing native plugins compatible for Editor in 0.89 ms, found 0 plugins.
Preloading 0 native plugins for Editor in 0.00 ms.
Unloading 2594 Unused Serialized files (Serialized files now loaded: 0)
System memory in use before: 122.4 MB.
System memory in use after: 122.6 MB.

Unloading 5 unused Assets to reduce memory usage. Loaded Objects now: 3227.
Total: 3.379400 ms (FindLiveObjects: 0.377000 ms CreateObjectMapping: 0.198700 ms MarkObjects: 2.772400 ms  DeleteObjects: 0.029500 ms)

========================================================================
Received Prepare
Shader 'Universal Render Pipeline/Particles/Lit': fallback shader 'Universal Render Pipeline/Particles/SimpleLit' not found
Refreshing native plugins compatible for Editor in 2.53 ms, found 0 plugins.
Preloading 0 native plugins for Editor in 0.00 ms.
Unloading 3 Unused Serialized files (Serialized files now loaded: 0)
System memory in use before: 71.2 MB.
System memory in use after: 71.5 MB.

Unloading 3 unused Assets to reduce memory usage. Loaded Objects now: 3227.
Total: 3.922600 ms (FindLiveObjects: 0.358000 ms CreateObjectMapping: 0.255900 ms MarkObjects: 3.273800 ms  DeleteObjects: 0.032700 ms)

========================================================================
Received Import Request.
  Time since last request: 255.378064 seconds.
  path: Assets/Input
  artifactKey: Guid(4c2fbdc8a00b80043a849a0d72407df9) Importer(815301076,1909f56bfc062723c751e8b465ee728b)
Start importing Assets/Input using Guid(4c2fbdc8a00b80043a849a0d72407df9) Importer(815301076,1909f56bfc062723c751e8b465ee728b)  -> (artifact id: '2837b45d34142c017a5f73b8df2e8081') in 0.012955 seconds
  Import took 0.020326 seconds .

========================================================================
Received Import Request.
  Time since last request: 0.067764 seconds.
  path: Assets/Input/InputActions.inputactions
  artifactKey: Guid(3049fc16c4513b44ab00b0f9329c7c00) Importer(815301076,1909f56bfc062723c751e8b465ee728b)
Start importing Assets/Input/InputActions.inputactions using Guid(3049fc16c4513b44ab00b0f9329c7c00) Importer(815301076,1909f56bfc062723c751e8b465ee728b)  -> (artifact id: '147ce36b28d685b40ef6b641569b03fb') in 0.049561 seconds
  Import took 0.057739 seconds .

========================================================================
Received Import Request.
  Time since last request: 8.645649 seconds.
  path: Assets/Input/InputActions.inputactions
  artifactKey: Guid(3049fc16c4513b44ab00b0f9329c7c00) Importer(815301076,1909f56bfc062723c751e8b465ee728b)
Start importing Assets/Input/InputActions.inputactions using Guid(3049fc16c4513b44ab00b0f9329c7c00) Importer(815301076,1909f56bfc062723c751e8b465ee728b)  -> (artifact id: '1d86aeff32bf514c291ecf20a1130ca1') in 0.012948 seconds
  Import took 0.019220 seconds .

========================================================================
Received Import Request.
  Time since last request: 0.016734 seconds.
  path: Assets/Input/InputActions.inputactions
  artifactKey: Guid(3049fc16c4513b44ab00b0f9329c7c00) Importer(815301076,1909f56bfc062723c751e8b465ee728b)
Start importing Assets/Input/InputActions.inputactions using Guid(3049fc16c4513b44ab00b0f9329c7c00) Importer(815301076,1909f56bfc062723c751e8b465ee728b)  -> (artifact id: '1d86aeff32bf514c291ecf20a1130ca1') in 0.009663 seconds
  Import took 0.018623 seconds .

========================================================================
Received Prepare
Registering precompiled user dll's ...
Registered in 0.001714 seconds.
Begin MonoManager ReloadAssembly
Native extension for WindowsStandalone target not found
Refreshing native plugins compatible for Editor in 0.51 ms, found 0 plugins.
Preloading 0 native plugins for Editor in 0.00 ms.
Invoked RoslynAnalysisRunner static constructor.
RoslynAnalysisRunner will not be running.
RoslynAnalysisRunner has terminated.
Mono: successfully reloaded assembly
- Completed reload, in  1.142 seconds
Platform modules already initialized, skipping
Shader 'Universal Render Pipeline/Particles/Lit': fallback shader 'Universal Render Pipeline/Particles/SimpleLit' not found
Refreshing native plugins compatible for Editor in 0.52 ms, found 0 plugins.
Preloading 0 native plugins for Editor in 0.00 ms.
Unloading 2595 Unused Serialized files (Serialized files now loaded: 0)
System memory in use before: 122.5 MB.
System memory in use after: 122.7 MB.

Unloading 5 unused Assets to reduce memory usage. Loaded Objects now: 3230.
Total: 4.330200 ms (FindLiveObjects: 0.519700 ms CreateObjectMapping: 0.200600 ms MarkObjects: 3.589400 ms  DeleteObjects: 0.019300 ms)

========================================================================
Received Import Request.
  Time since last request: 74.367178 seconds.
  path: Assets/Input/PlayerActions.inputactions
  artifactKey: Guid(d1d29bea33d1f8149ae3535740bf96d1) Importer(815301076,1909f56bfc062723c751e8b465ee728b)
Start importing Assets/Input/PlayerActions.inputactions using Guid(d1d29bea33d1f8149ae3535740bf96d1) Importer(815301076,1909f56bfc062723c751e8b465ee728b)  -> (artifact id: '3de2e203318f5ee25dce885038db9c46') in 0.032835 seconds
  Import took 0.039166 seconds .

========================================================================
Received Import Request.
  Time since last request: 2.076916 seconds.
  path: Assets/Input/InputActions.cs
  artifactKey: Guid(5337f72a83f79dc4c830740bc6a0bceb) Importer(815301076,1909f56bfc062723c751e8b465ee728b)
Start importing Assets/Input/InputActions.cs using Guid(5337f72a83f79dc4c830740bc6a0bceb) Importer(815301076,1909f56bfc062723c751e8b465ee728b)  -> (artifact id: '863f0717379e7528e6ba4f6e35a31b5d') in 0.024483 seconds
  Import took 0.030309 seconds .

========================================================================
Received Import Request.
  Time since last request: 0.000925 seconds.
  path: Assets/Input/InputActions.cs
  artifactKey: Guid(5337f72a83f79dc4c830740bc6a0bceb) Importer(815301076,1909f56bfc062723c751e8b465ee728b)
Start importing Assets/Input/InputActions.cs using Guid(5337f72a83f79dc4c830740bc6a0bceb) Importer(815301076,1909f56bfc062723c751e8b465ee728b)  -> (artifact id: '863f0717379e7528e6ba4f6e35a31b5d') in 0.003567 seconds
  Import took 0.009809 seconds .

========================================================================
Received Prepare
Registering precompiled user dll's ...
Registered in 0.001853 seconds.
Begin MonoManager ReloadAssembly
Native extension for WindowsStandalone target not found
Refreshing native plugins compatible for Editor in 0.52 ms, found 0 plugins.
Preloading 0 native plugins for Editor in 0.00 ms.
Invoked RoslynAnalysisRunner static constructor.
RoslynAnalysisRunner will not be running.
RoslynAnalysisRunner has terminated.
Mono: successfully reloaded assembly
- Completed reload, in  1.491 seconds
Platform modules already initialized, skipping
Shader 'Universal Render Pipeline/Particles/Lit': fallback shader 'Universal Render Pipeline/Particles/SimpleLit' not found
Refreshing native plugins compatible for Editor in 0.55 ms, found 0 plugins.
Preloading 0 native plugins for Editor in 0.00 ms.
Unloading 2594 Unused Serialized files (Serialized files now loaded: 0)
System memory in use before: 122.5 MB.
System memory in use after: 122.7 MB.

Unloading 6 unused Assets to reduce memory usage. Loaded Objects now: 3231.
Total: 3.487300 ms (FindLiveObjects: 0.388200 ms CreateObjectMapping: 0.217400 ms MarkObjects: 2.851200 ms  DeleteObjects: 0.028900 ms)

========================================================================
Received Import Request.
  Time since last request: 189.014821 seconds.
  path: Assets/Input/InputActions.inputactions
  artifactKey: Guid(3049fc16c4513b44ab00b0f9329c7c00) Importer(815301076,1909f56bfc062723c751e8b465ee728b)
Start importing Assets/Input/InputActions.inputactions using Guid(3049fc16c4513b44ab00b0f9329c7c00) Importer(815301076,1909f56bfc062723c751e8b465ee728b)  -> (artifact id: '8dbf232611be46c5dbacaa49595aef8a') in 0.065625 seconds
  Import took 0.078610 seconds .

========================================================================
Received Import Request.
  Time since last request: 25.386100 seconds.
  path: Assets/Presets/AudioCompressedInMemory.preset
  artifactKey: Guid(2dd802e4d37c65149922028d3e973832) Importer(815301076,1909f56bfc062723c751e8b465ee728b)
Start importing Assets/Presets/AudioCompressedInMemory.preset using Guid(2dd802e4d37c65149922028d3e973832) Importer(815301076,1909f56bfc062723c751e8b465ee728b)  -> (artifact id: 'e698f90e6368db904c30b1de094b241d') in 0.026618 seconds
  Import took 0.038024 seconds .

========================================================================
Received Import Request.
  Time since last request: 0.000573 seconds.
  path: Assets/Presets/AudioStreaming.preset
  artifactKey: Guid(86bcce7f5575b54408aa0f3a7d321039) Importer(815301076,1909f56bfc062723c751e8b465ee728b)
Start importing Assets/Presets/AudioStreaming.preset using Guid(86bcce7f5575b54408aa0f3a7d321039) Importer(815301076,1909f56bfc062723c751e8b465ee728b)  -> (artifact id: 'fc8972297000ffcae89b2e9fe97865fa') in 0.016107 seconds
  Import took 0.022978 seconds .

========================================================================
Received Import Request.
  Time since last request: 0.000557 seconds.
  path: Assets/Presets/NormalTexture.preset
  artifactKey: Guid(14a57cf3b9fa1c74b884aa7e0dcf1faa) Importer(815301076,1909f56bfc062723c751e8b465ee728b)
Start importing Assets/Presets/NormalTexture.preset using Guid(14a57cf3b9fa1c74b884aa7e0dcf1faa) Importer(815301076,1909f56bfc062723c751e8b465ee728b)  -> (artifact id: '8438906bfb23e8c91654d9356dc5b495') in 0.020054 seconds
  Import took 0.028135 seconds .

========================================================================
Received Import Request.
  Time since last request: 0.000504 seconds.
  path: Assets/Presets/UtilityTexture.preset
  artifactKey: Guid(45f7b2e3c78185248b3adbb14429c2ab) Importer(815301076,1909f56bfc062723c751e8b465ee728b)
Start importing Assets/Presets/UtilityTexture.preset using Guid(45f7b2e3c78185248b3adbb14429c2ab) Importer(815301076,1909f56bfc062723c751e8b465ee728b)  -> (artifact id: '61204677208b688b15ef017b77610575') in 0.017346 seconds
  Import took 0.024231 seconds .

========================================================================
Received Import Request.
  Time since last request: 0.014475 seconds.
  path: Assets/Presets/UtilityTexture.preset
  artifactKey: Guid(45f7b2e3c78185248b3adbb14429c2ab) Importer(815301076,1909f56bfc062723c751e8b465ee728b)
Start importing Assets/Presets/UtilityTexture.preset using Guid(45f7b2e3c78185248b3adbb14429c2ab) Importer(815301076,1909f56bfc062723c751e8b465ee728b)  -> (artifact id: '61204677208b688b15ef017b77610575') in 0.007883 seconds
  Import took 0.013522 seconds .

========================================================================
Received Import Request.
  Time since last request: 5.995294 seconds.
  path: Assets/Scripts/SimpleCameraController.cs
  artifactKey: Guid(be76e5f14cfee674cb30b491fb72b09b) Importer(815301076,1909f56bfc062723c751e8b465ee728b)
Start importing Assets/Scripts/SimpleCameraController.cs using Guid(be76e5f14cfee674cb30b491fb72b09b) Importer(815301076,1909f56bfc062723c751e8b465ee728b)  -> (artifact id: 'cae6b4f35d14ffd55fe7ee71b02ce95b') in 0.009641 seconds
  Import took 0.015923 seconds .

========================================================================
Received Import Request.
  Time since last request: 8.840370 seconds.
  path: Assets/Scripts
  artifactKey: Guid(02a3527b6b33a924e8ec66aa805ea717) Importer(815301076,1909f56bfc062723c751e8b465ee728b)
Start importing Assets/Scripts using Guid(02a3527b6b33a924e8ec66aa805ea717) Importer(815301076,1909f56bfc062723c751e8b465ee728b)  -> (artifact id: '8b355bd5aa27b36226c6643d416f2f36') in 0.013582 seconds
  Import took 0.018598 seconds .

========================================================================
Received Import Request.
  Time since last request: 35.755242 seconds.
  path: Assets/Scripts/PlayerController.cs
  artifactKey: Guid(0f3b7576ab45b9541b8cfd53929609fe) Importer(815301076,1909f56bfc062723c751e8b465ee728b)
Start importing Assets/Scripts/PlayerController.cs using Guid(0f3b7576ab45b9541b8cfd53929609fe) Importer(815301076,1909f56bfc062723c751e8b465ee728b)  -> (artifact id: 'f9c1600e675926540f3543e5348f7a1d') in 0.018981 seconds
  Import took 0.027135 seconds .

========================================================================
Received Prepare
Registering precompiled user dll's ...
Registered in 0.001640 seconds.
Begin MonoManager ReloadAssembly
Native extension for WindowsStandalone target not found
Refreshing native plugins compatible for Editor in 0.54 ms, found 0 plugins.
Preloading 0 native plugins for Editor in 0.00 ms.
Invoked RoslynAnalysisRunner static constructor.
RoslynAnalysisRunner will not be running.
RoslynAnalysisRunner has terminated.
Mono: successfully reloaded assembly
- Completed reload, in  1.316 seconds
Platform modules already initialized, skipping
Shader 'Universal Render Pipeline/Particles/Lit': fallback shader 'Universal Render Pipeline/Particles/SimpleLit' not found
Refreshing native plugins compatible for Editor in 0.97 ms, found 0 plugins.
Preloading 0 native plugins for Editor in 0.00 ms.
Unloading 2595 Unused Serialized files (Serialized files now loaded: 0)
System memory in use before: 122.5 MB.
System memory in use after: 122.7 MB.

Unloading 5 unused Assets to reduce memory usage. Loaded Objects now: 3234.
Total: 5.210800 ms (FindLiveObjects: 0.551400 ms CreateObjectMapping: 0.295400 ms MarkObjects: 4.293600 ms  DeleteObjects: 0.067500 ms)

========================================================================
Received Import Request.
  Time since last request: 3191.470490 seconds.
  path: Assets/Scripts/PlayerController.cs
  artifactKey: Guid(0f3b7576ab45b9541b8cfd53929609fe) Importer(815301076,1909f56bfc062723c751e8b465ee728b)
Start importing Assets/Scripts/PlayerController.cs using Guid(0f3b7576ab45b9541b8cfd53929609fe) Importer(815301076,1909f56bfc062723c751e8b465ee728b)  -> (artifact id: '90e41d406d5349f9dd309ec88c909e68') in 0.016331 seconds
  Import took 0.026244 seconds .

========================================================================
Received Import Request.
  Time since last request: 249.433212 seconds.
  path: Assets/new.cs
  artifactKey: Guid(de9265ce7f47c3c4fa52c1f27a2ed24b) Importer(815301076,1909f56bfc062723c751e8b465ee728b)
Start importing Assets/new.cs using Guid(de9265ce7f47c3c4fa52c1f27a2ed24b) Importer(815301076,1909f56bfc062723c751e8b465ee728b)  -> (artifact id: 'dbd93015d84ac187e7b5d2067102ca64') in 0.018286 seconds
  Import took 0.028345 seconds .

========================================================================
Received Import Request.
  Time since last request: 0.004400 seconds.
  path: Assets/new.cs
  artifactKey: Guid(de9265ce7f47c3c4fa52c1f27a2ed24b) Importer(815301076,1909f56bfc062723c751e8b465ee728b)
Start importing Assets/new.cs using Guid(de9265ce7f47c3c4fa52c1f27a2ed24b) Importer(815301076,1909f56bfc062723c751e8b465ee728b)  -> (artifact id: 'dbd93015d84ac187e7b5d2067102ca64') in 0.004700 seconds
  Import took 0.012033 seconds .

========================================================================
Received Import Request.
  Time since last request: 60.951061 seconds.
  path: Assets/ExampleAssets/Materials
  artifactKey: Guid(ffd318dbb37362c4f8d87863d082b2fd) Importer(815301076,1909f56bfc062723c751e8b465ee728b)
Start importing Assets/ExampleAssets/Materials using Guid(ffd318dbb37362c4f8d87863d082b2fd) Importer(815301076,1909f56bfc062723c751e8b465ee728b)  -> (artifact id: '3d1b5f244d83f3dba069750914b8ff51') in 0.010084 seconds
  Import took 0.016501 seconds .

========================================================================
Received Import Request.
  Time since last request: 22.127584 seconds.
  path: Assets/Settings/ForwardRenderer.asset
  artifactKey: Guid(4a8e21d5c33334b11b34a596161b9360) Importer(815301076,1909f56bfc062723c751e8b465ee728b)
Start importing Assets/Settings/ForwardRenderer.asset using Guid(4a8e21d5c33334b11b34a596161b9360) Importer(815301076,1909f56bfc062723c751e8b465ee728b)  -> (artifact id: 'e93fd85553628c934b113ec6b39bee3f') in 0.055659 seconds
  Import took 0.061099 seconds .

========================================================================
Received Import Request.
  Time since last request: 0.000456 seconds.
  path: Assets/Settings/SampleSceneProfile.asset
  artifactKey: Guid(10fc4df2da32a41aaa32d77bc913491c) Importer(815301076,1909f56bfc062723c751e8b465ee728b)
Start importing Assets/Settings/SampleSceneProfile.asset using Guid(10fc4df2da32a41aaa32d77bc913491c) Importer(815301076,1909f56bfc062723c751e8b465ee728b)  -> (artifact id: 'bd3f5bc2ccd2194fedb024019bffd064') in 0.019435 seconds
  Import took 0.025824 seconds .

========================================================================
Received Import Request.
  Time since last request: 0.000496 seconds.
  path: Assets/Settings/UniversalRP-LowQuality.asset
  artifactKey: Guid(a31e9f9f9c9d4b9429ed0d1234e22103) Importer(815301076,1909f56bfc062723c751e8b465ee728b)
Start importing Assets/Settings/UniversalRP-LowQuality.asset using Guid(a31e9f9f9c9d4b9429ed0d1234e22103) Importer(815301076,1909f56bfc062723c751e8b465ee728b)  -> (artifact id: '11ce583073242ad6f57fde08fe6b8716') in 0.018089 seconds
  Import took 0.026310 seconds .

========================================================================
Received Import Request.
  Time since last request: 0.001064 seconds.
  path: Assets/Settings/UniversalRP-MediumQuality.asset
  artifactKey: Guid(d847b876476d3d6468f5dfcd34266f96) Importer(815301076,1909f56bfc062723c751e8b465ee728b)
Start importing Assets/Settings/UniversalRP-MediumQuality.asset using Guid(d847b876476d3d6468f5dfcd34266f96) Importer(815301076,1909f56bfc062723c751e8b465ee728b)  -> (artifact id: '571bc74fcd91db882d4a209340ed8e76') in 0.014214 seconds
  Import took 0.022885 seconds .

========================================================================
Received Import Request.
  Time since last request: 0.000516 seconds.
  path: Assets/Settings/UniversalRP-HighQuality.asset
  artifactKey: Guid(19ba41d7c0026c3459d37c2fe90c55a0) Importer(815301076,1909f56bfc062723c751e8b465ee728b)
Start importing Assets/Settings/UniversalRP-HighQuality.asset using Guid(19ba41d7c0026c3459d37c2fe90c55a0) Importer(815301076,1909f56bfc062723c751e8b465ee728b)  -> (artifact id: 'fd09851ea0cb23673178e94ded307e20') in 0.015246 seconds
  Import took 0.021511 seconds .

========================================================================
Received Prepare
Registering precompiled user dll's ...
Registered in 0.001814 seconds.
Begin MonoManager ReloadAssembly
Native extension for WindowsStandalone target not found
Refreshing native plugins compatible for Editor in 0.76 ms, found 0 plugins.
Preloading 0 native plugins for Editor in 0.00 ms.
Invoked RoslynAnalysisRunner static constructor.
RoslynAnalysisRunner will not be running.
RoslynAnalysisRunner has terminated.
Mono: successfully reloaded assembly
- Completed reload, in  1.316 seconds
Platform modules already initialized, skipping
Shader 'Universal Render Pipeline/Particles/Lit': fallback shader 'Universal Render Pipeline/Particles/SimpleLit' not found
Refreshing native plugins compatible for Editor in 0.59 ms, found 0 plugins.
Preloading 0 native plugins for Editor in 0.00 ms.
Unloading 2595 Unused Serialized files (Serialized files now loaded: 0)
System memory in use before: 122.5 MB.
System memory in use after: 122.7 MB.

Unloading 7 unused Assets to reduce memory usage. Loaded Objects now: 3236.
Total: 6.623600 ms (FindLiveObjects: 0.720900 ms CreateObjectMapping: 0.317600 ms MarkObjects: 5.520000 ms  DeleteObjects: 0.045800 ms)

========================================================================
Received Prepare
Registering precompiled user dll's ...
Registered in 0.002024 seconds.
Begin MonoManager ReloadAssembly
Native extension for WindowsStandalone target not found
Refreshing native plugins compatible for Editor in 0.52 ms, found 0 plugins.
Preloading 0 native plugins for Editor in 0.00 ms.
Invoked RoslynAnalysisRunner static constructor.
RoslynAnalysisRunner will not be running.
RoslynAnalysisRunner has terminated.
Mono: successfully reloaded assembly
- Completed reload, in  1.404 seconds
Platform modules already initialized, skipping
Shader 'Universal Render Pipeline/Particles/Lit': fallback shader 'Universal Render Pipeline/Particles/SimpleLit' not found
Refreshing native plugins compatible for Editor in 0.53 ms, found 0 plugins.
Preloading 0 native plugins for Editor in 0.00 ms.
Unloading 2594 Unused Serialized files (Serialized files now loaded: 0)
System memory in use before: 122.4 MB.
System memory in use after: 122.7 MB.

Unloading 5 unused Assets to reduce memory usage. Loaded Objects now: 3239.
Total: 16.095100 ms (FindLiveObjects: 1.193500 ms CreateObjectMapping: 1.549700 ms MarkObjects: 13.318700 ms  DeleteObjects: 0.029800 ms)

========================================================================
Received Prepare
Registering precompiled user dll's ...
Registered in 0.001803 seconds.
Begin MonoManager ReloadAssembly
Native extension for WindowsStandalone target not found
Refreshing native plugins compatible for Editor in 0.53 ms, found 0 plugins.
Preloading 0 native plugins for Editor in 0.00 ms.
Invoked RoslynAnalysisRunner static constructor.
RoslynAnalysisRunner will not be running.
RoslynAnalysisRunner has terminated.
Mono: successfully reloaded assembly
- Completed reload, in  1.375 seconds
Platform modules already initialized, skipping
Shader 'Universal Render Pipeline/Particles/Lit': fallback shader 'Universal Render Pipeline/Particles/SimpleLit' not found
Refreshing native plugins compatible for Editor in 0.99 ms, found 0 plugins.
Preloading 0 native plugins for Editor in 0.00 ms.
Unloading 2594 Unused Serialized files (Serialized files now loaded: 0)
System memory in use before: 122.5 MB.
System memory in use after: 122.7 MB.

Unloading 5 unused Assets to reduce memory usage. Loaded Objects now: 3241.
Total: 5.190700 ms (FindLiveObjects: 0.609500 ms CreateObjectMapping: 0.547200 ms MarkObjects: 3.988400 ms  DeleteObjects: 0.042800 ms)

========================================================================
Received Import Request.
  Time since last request: 1842.127395 seconds.
  path: Assets/Scripts/NewBehaviourScript.cs
  artifactKey: Guid(c214f1e1416cfbb4c877681cd0fe6d93) Importer(815301076,1909f56bfc062723c751e8b465ee728b)
Start importing Assets/Scripts/NewBehaviourScript.cs using Guid(c214f1e1416cfbb4c877681cd0fe6d93) Importer(815301076,1909f56bfc062723c751e8b465ee728b)  -> (artifact id: '424aba23634d74b842be884e7e153565') in 0.019299 seconds
  Import took 0.031936 seconds .

========================================================================
Received Import Request.
  Time since last request: 56.233426 seconds.
  path: Assets/Scripts/PlayerController.cs
  artifactKey: Guid(c214f1e1416cfbb4c877681cd0fe6d93) Importer(815301076,1909f56bfc062723c751e8b465ee728b)
Start importing Assets/Scripts/PlayerController.cs using Guid(c214f1e1416cfbb4c877681cd0fe6d93) Importer(815301076,1909f56bfc062723c751e8b465ee728b)  -> (artifact id: '64eb470fbef78ee04b5409a1fa3e84f9') in 0.004847 seconds
  Import took 0.017557 seconds .

========================================================================
Received Prepare
Registering precompiled user dll's ...
Registered in 0.002566 seconds.
Begin MonoManager ReloadAssembly
Native extension for WindowsStandalone target not found
Refreshing native plugins compatible for Editor in 0.51 ms, found 0 plugins.
Preloading 0 native plugins for Editor in 0.00 ms.
Invoked RoslynAnalysisRunner static constructor.
RoslynAnalysisRunner will not be running.
RoslynAnalysisRunner has terminated.
Mono: successfully reloaded assembly
- Completed reload, in  1.159 seconds
Platform modules already initialized, skipping
Shader 'Universal Render Pipeline/Particles/Lit': fallback shader 'Universal Render Pipeline/Particles/SimpleLit' not found
Refreshing native plugins compatible for Editor in 0.70 ms, found 0 plugins.
Preloading 0 native plugins for Editor in 0.00 ms.
Unloading 2594 Unused Serialized files (Serialized files now loaded: 0)
System memory in use before: 122.5 MB.
System memory in use after: 122.7 MB.

Unloading 5 unused Assets to reduce memory usage. Loaded Objects now: 3243.
Total: 3.880500 ms (FindLiveObjects: 0.458900 ms CreateObjectMapping: 0.170500 ms MarkObjects: 3.228900 ms  DeleteObjects: 0.020800 ms)

========================================================================
Received Import Request.
  Time since last request: 146.778685 seconds.
  path: Assets/Scripts/PlayerControlle.cs
  artifactKey: Guid(de9265ce7f47c3c4fa52c1f27a2ed24b) Importer(815301076,1909f56bfc062723c751e8b465ee728b)
Start importing Assets/Scripts/PlayerControlle.cs using Guid(de9265ce7f47c3c4fa52c1f27a2ed24b) Importer(815301076,1909f56bfc062723c751e8b465ee728b)  -> (artifact id: 'f4376eda93f6fba4c678cb668b8c38d3') in 0.026397 seconds
  Import took 0.036865 seconds .

========================================================================
Received Import Request.
  Time since last request: 10.318824 seconds.
  path: Assets/Scripts/PlayerController.cs
  artifactKey: Guid(de9265ce7f47c3c4fa52c1f27a2ed24b) Importer(815301076,1909f56bfc062723c751e8b465ee728b)
Start importing Assets/Scripts/PlayerController.cs using Guid(de9265ce7f47c3c4fa52c1f27a2ed24b) Importer(815301076,1909f56bfc062723c751e8b465ee728b)  -> (artifact id: 'db8b7a9a6858137769b220e0a71c41de') in 0.005488 seconds
  Import took 0.013876 seconds .

========================================================================
Received Prepare
Registering precompiled user dll's ...
Registered in 0.002286 seconds.
Begin MonoManager ReloadAssembly
Native extension for WindowsStandalone target not found
Refreshing native plugins compatible for Editor in 0.60 ms, found 0 plugins.
Preloading 0 native plugins for Editor in 0.00 ms.
Invoked RoslynAnalysisRunner static constructor.
RoslynAnalysisRunner will not be running.
RoslynAnalysisRunner has terminated.
Mono: successfully reloaded assembly
- Completed reload, in  1.165 seconds
Platform modules already initialized, skipping
Shader 'Universal Render Pipeline/Particles/Lit': fallback shader 'Universal Render Pipeline/Particles/SimpleLit' not found
Refreshing native plugins compatible for Editor in 0.55 ms, found 0 plugins.
Preloading 0 native plugins for Editor in 0.00 ms.
Unloading 2593 Unused Serialized files (Serialized files now loaded: 0)
System memory in use before: 122.4 MB.
System memory in use after: 122.7 MB.

Unloading 6 unused Assets to reduce memory usage. Loaded Objects now: 3244.
Total: 4.024000 ms (FindLiveObjects: 0.524900 ms CreateObjectMapping: 0.303500 ms MarkObjects: 3.149800 ms  DeleteObjects: 0.028400 ms)

========================================================================
Received Import Request.
  Time since last request: 50.759151 seconds.
  path: Assets/new.cs
  artifactKey: Guid(de700ce8a3c74ea46a6322e082c5bb17) Importer(815301076,1909f56bfc062723c751e8b465ee728b)
Start importing Assets/new.cs using Guid(de700ce8a3c74ea46a6322e082c5bb17) Importer(815301076,1909f56bfc062723c751e8b465ee728b)  -> (artifact id: '2cf656ad6bbb789a71c977e5eb43fc3f') in 0.014200 seconds
  Import took 0.025287 seconds .

========================================================================
Received Prepare
Registering precompiled user dll's ...
Registered in 0.001660 seconds.
Begin MonoManager ReloadAssembly
Native extension for WindowsStandalone target not found
Refreshing native plugins compatible for Editor in 0.54 ms, found 0 plugins.
Preloading 0 native plugins for Editor in 0.00 ms.
Invoked RoslynAnalysisRunner static constructor.
RoslynAnalysisRunner will not be running.
RoslynAnalysisRunner has terminated.
Mono: successfully reloaded assembly
- Completed reload, in  1.119 seconds
Platform modules already initialized, skipping
Shader 'Universal Render Pipeline/Particles/Lit': fallback shader 'Universal Render Pipeline/Particles/SimpleLit' not found
Refreshing native plugins compatible for Editor in 0.89 ms, found 0 plugins.
Preloading 0 native plugins for Editor in 0.00 ms.
Unloading 2593 Unused Serialized files (Serialized files now loaded: 0)
System memory in use before: 122.5 MB.
System memory in use after: 122.7 MB.

Unloading 5 unused Assets to reduce memory usage. Loaded Objects now: 3246.
Total: 4.641000 ms (FindLiveObjects: 0.488400 ms CreateObjectMapping: 0.253200 ms MarkObjects: 3.872700 ms  DeleteObjects: 0.024700 ms)

========================================================================
Received Import Request.
  Time since last request: 44.242266 seconds.
  path: Assets/Scripts/PlayerController.cs
  artifactKey: Guid(de9265ce7f47c3c4fa52c1f27a2ed24b) Importer(815301076,1909f56bfc062723c751e8b465ee728b)
Start importing Assets/Scripts/PlayerController.cs using Guid(de9265ce7f47c3c4fa52c1f27a2ed24b) Importer(815301076,1909f56bfc062723c751e8b465ee728b)  -> (artifact id: '7d7e6cc225d20fee9b24f44ce058e59d') in 0.009102 seconds
  Import took 0.018819 seconds .

========================================================================
Received Import Request.
  Time since last request: 0.030715 seconds.
  path: Assets/Scripts/PlayerController.cs
  artifactKey: Guid(de9265ce7f47c3c4fa52c1f27a2ed24b) Importer(815301076,1909f56bfc062723c751e8b465ee728b)
Start importing Assets/Scripts/PlayerController.cs using Guid(de9265ce7f47c3c4fa52c1f27a2ed24b) Importer(815301076,1909f56bfc062723c751e8b465ee728b)  -> (artifact id: '7d7e6cc225d20fee9b24f44ce058e59d') in 0.004580 seconds
  Import took 0.010932 seconds .

========================================================================
Received Prepare
Registering precompiled user dll's ...
Registered in 0.001587 seconds.
Begin MonoManager ReloadAssembly
Native extension for WindowsStandalone target not found
Refreshing native plugins compatible for Editor in 0.55 ms, found 0 plugins.
Preloading 0 native plugins for Editor in 0.00 ms.
Invoked RoslynAnalysisRunner static constructor.
RoslynAnalysisRunner will not be running.
RoslynAnalysisRunner has terminated.
Mono: successfully reloaded assembly
- Completed reload, in  1.268 seconds
Platform modules already initialized, skipping
Shader 'Universal Render Pipeline/Particles/Lit': fallback shader 'Universal Render Pipeline/Particles/SimpleLit' not found
Refreshing native plugins compatible for Editor in 0.72 ms, found 0 plugins.
Preloading 0 native plugins for Editor in 0.00 ms.
Unloading 2594 Unused Serialized files (Serialized files now loaded: 0)
System memory in use before: 122.5 MB.
System memory in use after: 122.7 MB.

Unloading 5 unused Assets to reduce memory usage. Loaded Objects now: 3249.
Total: 5.284300 ms (FindLiveObjects: 0.598900 ms CreateObjectMapping: 0.231800 ms MarkObjects: 4.393200 ms  DeleteObjects: 0.059300 ms)

========================================================================
Received Import Request.
  Time since last request: 91.438461 seconds.
  path: Assets/Scripts/PlayerController.cs
  artifactKey: Guid(de9265ce7f47c3c4fa52c1f27a2ed24b) Importer(815301076,1909f56bfc062723c751e8b465ee728b)
Start importing Assets/Scripts/PlayerController.cs using Guid(de9265ce7f47c3c4fa52c1f27a2ed24b) Importer(815301076,1909f56bfc062723c751e8b465ee728b)  -> (artifact id: '83ebb199617f07c43ecec6bffb1736d8') in 0.014103 seconds
  Import took 0.022847 seconds .

AssetImportWorkerClient::OnTransportError - code=2 error=End of file
